<?xml version="1.0" encoding="UTF-8"?>
<testsuite name="com.lmh.lmhspring.repository.MemoryMemberRepositoryTest" tests="1" skipped="0" failures="0" errors="0" timestamp="2022-05-31T08:40:34" hostname="DESKTOP-3GFAV6H" time="0.112">
  <properties/>
  <testcase name="findByName()" classname="com.lmh.lmhspring.repository.MemoryMemberRepositoryTest" time="0.112"/>
  <system-out><![CDATA[]]></system-out>
  <system-err><![CDATA[]]></system-err>
</testsuite>
